<?xml version="1.0" encoding="UTF-8"?>
<testsuite name="com.kuang.portfolio.springboot.domain.posts.PostsRepositoryTest" tests="2" skipped="0" failures="0" errors="0" timestamp="2020-05-10T15:50:22" hostname="DESKTOP-JE542MD" time="0.264">
  <properties/>
  <testcase name="save_data_load" classname="com.kuang.portfolio.springboot.domain.posts.PostsRepositoryTest" time="0.252"/>
  <testcase name="BaseTimeEntity_regist" classname="com.kuang.portfolio.springboot.domain.posts.PostsRepositoryTest" time="0.011"/>
  <system-out><![CDATA[2020-05-11 00:50:16.579  INFO 24136 --- [    Test worker] .b.t.c.SpringBootTestContextBootstrapper : Neither @ContextConfiguration nor @ContextHierarchy found for test class [com.kuang.portfolio.springboot.domain.posts.PostsRepositoryTest], using SpringBootContextLoader
2020-05-11 00:50:16.580  INFO 24136 --- [    Test worker] o.s.t.c.support.AbstractContextLoader    : Could not detect default resource locations for test class [com.kuang.portfolio.springboot.domain.posts.PostsRepositoryTest]: no resource found for suffixes {-context.xml, Context.groovy}.
2020-05-11 00:50:16.580  INFO 24136 --- [    Test worker] t.c.s.AnnotationConfigContextLoaderUtils : Could not detect default configuration classes for test class [com.kuang.portfolio.springboot.domain.posts.PostsRepositoryTest]: PostsRepositoryTest does not declare any static, non-private, non-final, nested classes annotated with @Configuration.
2020-05-11 00:50:16.593  INFO 24136 --- [    Test worker] .b.t.c.SpringBootTestContextBootstrapper : Found @SpringBootConfiguration com.kuang.portfolio.springboot.Application for test class com.kuang.portfolio.springboot.domain.posts.PostsRepositoryTest
2020-05-11 00:50:16.596  INFO 24136 --- [    Test worker] .b.t.c.SpringBootTestContextBootstrapper : Loaded default TestExecutionListener class names from location [META-INF/spring.factories]: [org.springframework.security.test.context.support.WithSecurityContextTestExecutionListener, org.springframework.security.test.context.support.ReactorContextTestExecutionListener, org.springframework.boot.test.autoconfigure.restdocs.RestDocsTestExecutionListener, org.springframework.boot.test.autoconfigure.web.client.MockRestServiceServerResetTestExecutionListener, org.springframework.boot.test.autoconfigure.web.servlet.MockMvcPrintOnlyOnFailureTestExecutionListener, org.springframework.boot.test.autoconfigure.web.servlet.WebDriverTestExecutionListener, org.springframework.boot.test.mock.mockito.MockitoTestExecutionListener, org.springframework.boot.test.mock.mockito.ResetMocksTestExecutionListener, org.springframework.test.context.web.ServletTestExecutionListener, org.springframework.test.context.support.DirtiesContextBeforeModesTestExecutionListener, org.springframework.test.context.support.DependencyInjectionTestExecutionListener, org.springframework.test.context.support.DirtiesContextTestExecutionListener, org.springframework.test.context.transaction.TransactionalTestExecutionListener, org.springframework.test.context.jdbc.SqlScriptsTestExecutionListener]
2020-05-11 00:50:16.597  INFO 24136 --- [    Test worker] .b.t.c.SpringBootTestContextBootstrapper : Using TestExecutionListeners: [org.springframework.test.context.web.ServletTestExecutionListener@56ae3544, org.springframework.test.context.support.DirtiesContextBeforeModesTestExecutionListener@6189817d, org.springframework.boot.test.mock.mockito.MockitoTestExecutionListener@626a1442, org.springframework.boot.test.autoconfigure.SpringBootDependencyInjectionTestExecutionListener@57ffcb6, org.springframework.test.context.support.DirtiesContextTestExecutionListener@225cfd48, org.springframework.test.context.transaction.TransactionalTestExecutionListener@ff30217, org.springframework.test.context.jdbc.SqlScriptsTestExecutionListener@3d09dfaf, org.springframework.security.test.context.support.WithSecurityContextTestExecutionListener@47e91ef4, org.springframework.security.test.context.support.ReactorContextTestExecutionListener@21a0dfc, org.springframework.boot.test.autoconfigure.restdocs.RestDocsTestExecutionListener@15ee4412, org.springframework.boot.test.autoconfigure.web.client.MockRestServiceServerResetTestExecutionListener@66e905a7, org.springframework.boot.test.autoconfigure.web.servlet.MockMvcPrintOnlyOnFailureTestExecutionListener@6978a930, org.springframework.boot.test.autoconfigure.web.servlet.WebDriverTestExecutionListener@3b5f2c0e, org.springframework.boot.test.mock.mockito.ResetMocksTestExecutionListener@5c7621a3]

  .   ____          _            __ _ _
 /\\ / ___'_ __ _ _(_)_ __  __ _ \ \ \ \
( ( )\___ | '_ | '_| | '_ \/ _` | \ \ \ \
 \\/  ___)| |_)| | | | | || (_| |  ) ) ) )
  '  |____| .__|_| |_|_| |_\__, | / / / /
 =========|_|==============|___/=/_/_/_/
 :: Spring Boot ::        (v2.1.7.RELEASE)

2020-05-11 00:50:16.628  INFO 24136 --- [    Test worker] c.k.p.s.d.posts.PostsRepositoryTest      : Starting PostsRepositoryTest on DESKTOP-JE542MD with PID 24136 (started by U in C:\Users\U\IdeaProjects\com.kuang.springboot)
2020-05-11 00:50:16.628  INFO 24136 --- [    Test worker] c.k.p.s.d.posts.PostsRepositoryTest      : No active profile set, falling back to default profiles: default
2020-05-11 00:50:17.213  INFO 24136 --- [    Test worker] .s.d.r.c.RepositoryConfigurationDelegate : Bootstrapping Spring Data repositories in DEFAULT mode.
2020-05-11 00:50:17.311  INFO 24136 --- [    Test worker] .s.d.r.c.RepositoryConfigurationDelegate : Finished Spring Data repository scanning in 87ms. Found 2 repository interfaces.
2020-05-11 00:50:17.656  INFO 24136 --- [    Test worker] trationDelegate$BeanPostProcessorChecker : Bean 'org.springframework.transaction.annotation.ProxyTransactionManagementConfiguration' of type [org.springframework.transaction.annotation.ProxyTransactionManagementConfiguration$$EnhancerBySpringCGLIB$$3ae59288] is not eligible for getting processed by all BeanPostProcessors (for example: not eligible for auto-proxying)
2020-05-11 00:50:17.908  INFO 24136 --- [    Test worker] com.zaxxer.hikari.HikariDataSource       : HikariPool-1 - Starting...
2020-05-11 00:50:18.186  INFO 24136 --- [    Test worker] com.zaxxer.hikari.HikariDataSource       : HikariPool-1 - Start completed.
2020-05-11 00:50:18.362  INFO 24136 --- [    Test worker] o.hibernate.jpa.internal.util.LogHelper  : HHH000204: Processing PersistenceUnitInfo [
	name: default
	...]
2020-05-11 00:50:18.515  INFO 24136 --- [    Test worker] org.hibernate.Version                    : HHH000412: Hibernate Core {5.3.10.Final}
2020-05-11 00:50:18.519  INFO 24136 --- [    Test worker] org.hibernate.cfg.Environment            : HHH000206: hibernate.properties not found
2020-05-11 00:50:18.649  INFO 24136 --- [    Test worker] o.hibernate.annotations.common.Version   : HCANN000001: Hibernate Commons Annotations {5.0.4.Final}
2020-05-11 00:50:18.958  INFO 24136 --- [    Test worker] org.hibernate.dialect.Dialect            : HHH000400: Using dialect: org.hibernate.dialect.MySQL5InnoDBDialect
Hibernate: drop table if exists posts
Hibernate: drop table if exists user
Hibernate: create table posts (id bigint not null auto_increment, created_date datetime, modified_date datetime, author varchar(255), content Text not null, title varchar(500) not null, primary key (id)) engine=InnoDB
Hibernate: create table user (id bigint not null auto_increment, created_date datetime, modified_date datetime, email varchar(255) not null, name varchar(255) not null, picture varchar(255), role varchar(255) not null, primary key (id)) engine=InnoDB
2020-05-11 00:50:20.165  INFO 24136 --- [    Test worker] o.h.t.schema.internal.SchemaCreatorImpl  : HHH000476: Executing import script 'org.hibernate.tool.schema.internal.exec.ScriptSourceInputNonExistentImpl@2bcdb097'
2020-05-11 00:50:20.171  INFO 24136 --- [    Test worker] j.LocalContainerEntityManagerFactoryBean : Initialized JPA EntityManagerFactory for persistence unit 'default'
2020-05-11 00:50:20.936  INFO 24136 --- [    Test worker] o.h.h.i.QueryTranslatorFactoryInitiator  : HHH000397: Using ASTQueryTranslatorFactory
2020-05-11 00:50:21.447  INFO 24136 --- [    Test worker] o.s.s.web.DefaultSecurityFilterChain     : Creating filter chain: any request, [org.springframework.security.web.context.request.async.WebAsyncManagerIntegrationFilter@6207eeba, org.springframework.security.web.context.SecurityContextPersistenceFilter@2ef8bd46, org.springframework.security.web.header.HeaderWriterFilter@75ea837e, org.springframework.security.web.authentication.logout.LogoutFilter@1b62471d, org.springframework.security.oauth2.client.web.OAuth2AuthorizationRequestRedirectFilter@3ea194df, org.springframework.security.oauth2.client.web.OAuth2LoginAuthenticationFilter@7bcc69d6, org.springframework.security.web.authentication.ui.DefaultLoginPageGeneratingFilter@709bc6c5, org.springframework.security.web.authentication.ui.DefaultLogoutPageGeneratingFilter@8f8728a, org.springframework.security.web.savedrequest.RequestCacheAwareFilter@5c9cd40c, org.springframework.security.web.servletapi.SecurityContextHolderAwareRequestFilter@7d4c5d92, org.springframework.security.web.authentication.AnonymousAuthenticationFilter@1062389a, org.springframework.security.web.session.SessionManagementFilter@572b4e30, org.springframework.security.web.access.ExceptionTranslationFilter@7a0102ef, org.springframework.security.web.access.intercept.FilterSecurityInterceptor@1f515664]
2020-05-11 00:50:22.009  INFO 24136 --- [    Test worker] o.s.s.concurrent.ThreadPoolTaskExecutor  : Initializing ExecutorService 'applicationTaskExecutor'
2020-05-11 00:50:22.038  WARN 24136 --- [    Test worker] aWebConfiguration$JpaWebMvcConfiguration : spring.jpa.open-in-view is enabled by default. Therefore, database queries may be performed during view rendering. Explicitly configure spring.jpa.open-in-view to disable this warning
2020-05-11 00:50:22.090  INFO 24136 --- [    Test worker] o.s.b.a.w.s.WelcomePageHandlerMapping    : Adding welcome page template: index
2020-05-11 00:50:22.772  INFO 24136 --- [    Test worker] s.a.ScheduledAnnotationBeanPostProcessor : No TaskScheduler/ScheduledExecutorService bean found for scheduled processing
2020-05-11 00:50:22.783  INFO 24136 --- [    Test worker] c.k.p.s.d.posts.PostsRepositoryTest      : Started PostsRepositoryTest in 6.185 seconds (JVM running for 11.203)
Hibernate: insert into posts (created_date, modified_date, author, content, title) values (?, ?, ?, ?, ?)
Hibernate: select posts0_.id as id1_0_, posts0_.created_date as created_2_0_, posts0_.modified_date as modified3_0_, posts0_.author as author4_0_, posts0_.content as content5_0_, posts0_.title as title6_0_ from posts posts0_
Hibernate: select posts0_.id as id1_0_, posts0_.created_date as created_2_0_, posts0_.modified_date as modified3_0_, posts0_.author as author4_0_, posts0_.content as content5_0_, posts0_.title as title6_0_ from posts posts0_
Hibernate: delete from posts where id=?
Hibernate: insert into posts (created_date, modified_date, author, content, title) values (?, ?, ?, ?, ?)
Hibernate: select posts0_.id as id1_0_, posts0_.created_date as created_2_0_, posts0_.modified_date as modified3_0_, posts0_.author as author4_0_, posts0_.content as content5_0_, posts0_.title as title6_0_ from posts posts0_
>>>>>>>> createDate=2020-05-11T00:50:23.047, modfiedDate=2020-05-11T00:50:23.047
Hibernate: select posts0_.id as id1_0_, posts0_.created_date as created_2_0_, posts0_.modified_date as modified3_0_, posts0_.author as author4_0_, posts0_.content as content5_0_, posts0_.title as title6_0_ from posts posts0_
Hibernate: delete from posts where id=?
]]></system-out>
  <system-err><![CDATA[]]></system-err>
</testsuite>
