<?xml version="1.0" encoding="UTF-8"?>
<testsuite name="com.kuang.portfolio.springboot.web.IndexControllerTest" tests="1" skipped="0" failures="0" errors="0" timestamp="2020-05-11T05:41:15" hostname="DESKTOP-JE542MD" time="0.432">
  <properties/>
  <testcase name="mainPage_Loading" classname="com.kuang.portfolio.springboot.web.IndexControllerTest" time="0.432"/>
  <system-out><![CDATA[14:41:07.224 [Test worker] DEBUG org.springframework.test.context.junit4.SpringJUnit4ClassRunner - SpringJUnit4ClassRunner constructor called with [class com.kuang.portfolio.springboot.web.IndexControllerTest]
14:41:07.234 [Test worker] DEBUG org.springframework.test.context.BootstrapUtils - Instantiating CacheAwareContextLoaderDelegate from class [org.springframework.test.context.cache.DefaultCacheAwareContextLoaderDelegate]
14:41:07.245 [Test worker] DEBUG org.springframework.test.context.BootstrapUtils - Instantiating BootstrapContext using constructor [public org.springframework.test.context.support.DefaultBootstrapContext(java.lang.Class,org.springframework.test.context.CacheAwareContextLoaderDelegate)]
14:41:07.264 [Test worker] DEBUG org.springframework.test.context.BootstrapUtils - Instantiating TestContextBootstrapper for test class [com.kuang.portfolio.springboot.web.IndexControllerTest] from class [org.springframework.boot.test.context.SpringBootTestContextBootstrapper]
14:41:07.281 [Test worker] INFO org.springframework.boot.test.context.SpringBootTestContextBootstrapper - Neither @ContextConfiguration nor @ContextHierarchy found for test class [com.kuang.portfolio.springboot.web.IndexControllerTest], using SpringBootContextLoader
14:41:07.285 [Test worker] DEBUG org.springframework.test.context.support.AbstractContextLoader - Did not detect default resource location for test class [com.kuang.portfolio.springboot.web.IndexControllerTest]: class path resource [com/kuang/portfolio/springboot/web/IndexControllerTest-context.xml] does not exist
14:41:07.286 [Test worker] DEBUG org.springframework.test.context.support.AbstractContextLoader - Did not detect default resource location for test class [com.kuang.portfolio.springboot.web.IndexControllerTest]: class path resource [com/kuang/portfolio/springboot/web/IndexControllerTestContext.groovy] does not exist
14:41:07.286 [Test worker] INFO org.springframework.test.context.support.AbstractContextLoader - Could not detect default resource locations for test class [com.kuang.portfolio.springboot.web.IndexControllerTest]: no resource found for suffixes {-context.xml, Context.groovy}.
14:41:07.287 [Test worker] INFO org.springframework.test.context.support.AnnotationConfigContextLoaderUtils - Could not detect default configuration classes for test class [com.kuang.portfolio.springboot.web.IndexControllerTest]: IndexControllerTest does not declare any static, non-private, non-final, nested classes annotated with @Configuration.
14:41:07.336 [Test worker] DEBUG org.springframework.test.context.support.ActiveProfilesUtils - Could not find an 'annotation declaring class' for annotation type [org.springframework.test.context.ActiveProfiles] and class [com.kuang.portfolio.springboot.web.IndexControllerTest]
14:41:07.455 [Test worker] DEBUG org.springframework.context.annotation.ClassPathScanningCandidateComponentProvider - Identified candidate component class: file [C:\Users\U\IdeaProjects\com.kuang.springboot\build\classes\java\main\com\kuang\portfolio\springboot\Application.class]
14:41:07.458 [Test worker] INFO org.springframework.boot.test.context.SpringBootTestContextBootstrapper - Found @SpringBootConfiguration com.kuang.portfolio.springboot.Application for test class com.kuang.portfolio.springboot.web.IndexControllerTest
14:41:07.581 [Test worker] DEBUG org.springframework.boot.test.context.SpringBootTestContextBootstrapper - @TestExecutionListeners is not present for class [com.kuang.portfolio.springboot.web.IndexControllerTest]: using defaults.
14:41:07.582 [Test worker] INFO org.springframework.boot.test.context.SpringBootTestContextBootstrapper - Loaded default TestExecutionListener class names from location [META-INF/spring.factories]: [org.springframework.security.test.context.support.WithSecurityContextTestExecutionListener, org.springframework.security.test.context.support.ReactorContextTestExecutionListener, org.springframework.boot.test.autoconfigure.restdocs.RestDocsTestExecutionListener, org.springframework.boot.test.autoconfigure.web.client.MockRestServiceServerResetTestExecutionListener, org.springframework.boot.test.autoconfigure.web.servlet.MockMvcPrintOnlyOnFailureTestExecutionListener, org.springframework.boot.test.autoconfigure.web.servlet.WebDriverTestExecutionListener, org.springframework.boot.test.mock.mockito.MockitoTestExecutionListener, org.springframework.boot.test.mock.mockito.ResetMocksTestExecutionListener, org.springframework.test.context.web.ServletTestExecutionListener, org.springframework.test.context.support.DirtiesContextBeforeModesTestExecutionListener, org.springframework.test.context.support.DependencyInjectionTestExecutionListener, org.springframework.test.context.support.DirtiesContextTestExecutionListener, org.springframework.test.context.transaction.TransactionalTestExecutionListener, org.springframework.test.context.jdbc.SqlScriptsTestExecutionListener]
14:41:07.617 [Test worker] INFO org.springframework.boot.test.context.SpringBootTestContextBootstrapper - Using TestExecutionListeners: [org.springframework.test.context.web.ServletTestExecutionListener@78fce0c, org.springframework.test.context.support.DirtiesContextBeforeModesTestExecutionListener@2ed19a31, org.springframework.boot.test.mock.mockito.MockitoTestExecutionListener@670a2fc, org.springframework.boot.test.autoconfigure.SpringBootDependencyInjectionTestExecutionListener@7c2d22f5, org.springframework.test.context.support.DirtiesContextTestExecutionListener@5ab6cd2, org.springframework.test.context.transaction.TransactionalTestExecutionListener@27096e44, org.springframework.test.context.jdbc.SqlScriptsTestExecutionListener@24ed4f1b, org.springframework.security.test.context.support.WithSecurityContextTestExecutionListener@3142ebf9, org.springframework.security.test.context.support.ReactorContextTestExecutionListener@6f51dcff, org.springframework.boot.test.autoconfigure.restdocs.RestDocsTestExecutionListener@346f41f, org.springframework.boot.test.autoconfigure.web.client.MockRestServiceServerResetTestExecutionListener@4d1de6fb, org.springframework.boot.test.autoconfigure.web.servlet.MockMvcPrintOnlyOnFailureTestExecutionListener@6b26d182, org.springframework.boot.test.autoconfigure.web.servlet.WebDriverTestExecutionListener@af14e3d, org.springframework.boot.test.mock.mockito.ResetMocksTestExecutionListener@3ea3a570]
14:41:07.621 [Test worker] DEBUG org.springframework.test.annotation.ProfileValueUtils - Retrieved @ProfileValueSourceConfiguration [null] for test class [com.kuang.portfolio.springboot.web.IndexControllerTest]
14:41:07.622 [Test worker] DEBUG org.springframework.test.annotation.ProfileValueUtils - Retrieved ProfileValueSource type [class org.springframework.test.annotation.SystemProfileValueSource] for class [com.kuang.portfolio.springboot.web.IndexControllerTest]
14:41:07.626 [Test worker] DEBUG org.springframework.test.annotation.ProfileValueUtils - Retrieved @ProfileValueSourceConfiguration [null] for test class [com.kuang.portfolio.springboot.web.IndexControllerTest]
14:41:07.626 [Test worker] DEBUG org.springframework.test.annotation.ProfileValueUtils - Retrieved ProfileValueSource type [class org.springframework.test.annotation.SystemProfileValueSource] for class [com.kuang.portfolio.springboot.web.IndexControllerTest]
14:41:07.627 [Test worker] DEBUG org.springframework.test.annotation.ProfileValueUtils - Retrieved @ProfileValueSourceConfiguration [null] for test class [com.kuang.portfolio.springboot.web.IndexControllerTest]
14:41:07.627 [Test worker] DEBUG org.springframework.test.annotation.ProfileValueUtils - Retrieved ProfileValueSource type [class org.springframework.test.annotation.SystemProfileValueSource] for class [com.kuang.portfolio.springboot.web.IndexControllerTest]
14:41:07.632 [Test worker] DEBUG org.springframework.test.context.support.AbstractDirtiesContextTestExecutionListener - Before test class: context [DefaultTestContext@3e28c643 testClass = IndexControllerTest, testInstance = [null], testMethod = [null], testException = [null], mergedContextConfiguration = [WebMergedContextConfiguration@5c997b53 testClass = IndexControllerTest, locations = '{}', classes = '{class com.kuang.portfolio.springboot.Application}', contextInitializerClasses = '[]', activeProfiles = '{}', propertySourceLocations = '{}', propertySourceProperties = '{org.springframework.boot.test.context.SpringBootTestContextBootstrapper=true, server.port=0}', contextCustomizers = set[org.springframework.boot.test.autoconfigure.properties.PropertyMappingContextCustomizer@0, org.springframework.boot.test.autoconfigure.web.servlet.WebDriverContextCustomizerFactory$Customizer@2c325b6, org.springframework.boot.test.context.filter.ExcludeFilterContextCustomizer@3e6705d7, org.springframework.boot.test.json.DuplicateJsonObjectContextCustomizerFactory$DuplicateJsonObjectContextCustomizer@70067edf, org.springframework.boot.test.mock.mockito.MockitoContextCustomizer@0, org.springframework.boot.test.web.client.TestRestTemplateContextCustomizer@717b5bba], resourceBasePath = 'src/main/webapp', contextLoader = 'org.springframework.boot.test.context.SpringBootContextLoader', parent = [null]], attributes = map['org.springframework.test.context.web.ServletTestExecutionListener.activateListener' -> false]], class annotated with @DirtiesContext [false] with mode [null].
14:41:07.634 [Test worker] DEBUG org.springframework.test.annotation.ProfileValueUtils - Retrieved @ProfileValueSourceConfiguration [null] for test class [com.kuang.portfolio.springboot.web.IndexControllerTest]
14:41:07.634 [Test worker] DEBUG org.springframework.test.annotation.ProfileValueUtils - Retrieved ProfileValueSource type [class org.springframework.test.annotation.SystemProfileValueSource] for class [com.kuang.portfolio.springboot.web.IndexControllerTest]
14:41:07.639 [Test worker] DEBUG org.springframework.test.context.support.DependencyInjectionTestExecutionListener - Performing dependency injection for test context [[DefaultTestContext@3e28c643 testClass = IndexControllerTest, testInstance = com.kuang.portfolio.springboot.web.IndexControllerTest@3eadeeda, testMethod = [null], testException = [null], mergedContextConfiguration = [WebMergedContextConfiguration@5c997b53 testClass = IndexControllerTest, locations = '{}', classes = '{class com.kuang.portfolio.springboot.Application}', contextInitializerClasses = '[]', activeProfiles = '{}', propertySourceLocations = '{}', propertySourceProperties = '{org.springframework.boot.test.context.SpringBootTestContextBootstrapper=true, server.port=0}', contextCustomizers = set[org.springframework.boot.test.autoconfigure.properties.PropertyMappingContextCustomizer@0, org.springframework.boot.test.autoconfigure.web.servlet.WebDriverContextCustomizerFactory$Customizer@2c325b6, org.springframework.boot.test.context.filter.ExcludeFilterContextCustomizer@3e6705d7, org.springframework.boot.test.json.DuplicateJsonObjectContextCustomizerFactory$DuplicateJsonObjectContextCustomizer@70067edf, org.springframework.boot.test.mock.mockito.MockitoContextCustomizer@0, org.springframework.boot.test.web.client.TestRestTemplateContextCustomizer@717b5bba], resourceBasePath = 'src/main/webapp', contextLoader = 'org.springframework.boot.test.context.SpringBootContextLoader', parent = [null]], attributes = map['org.springframework.test.context.web.ServletTestExecutionListener.activateListener' -> false]]].
14:41:07.663 [Test worker] DEBUG org.springframework.test.context.support.TestPropertySourceUtils - Adding inlined properties to environment: {spring.jmx.enabled=false, org.springframework.boot.test.context.SpringBootTestContextBootstrapper=true, server.port=0}

  .   ____          _            __ _ _
 /\\ / ___'_ __ _ _(_)_ __  __ _ \ \ \ \
( ( )\___ | '_ | '_| | '_ \/ _` | \ \ \ \
 \\/  ___)| |_)| | | | | || (_| |  ) ) ) )
  '  |____| .__|_| |_|_| |_\__, | / / / /
 =========|_|==============|___/=/_/_/_/
 :: Spring Boot ::        (v2.1.7.RELEASE)

2020-05-11 14:41:07.951  INFO 25584 --- [    Test worker] c.k.p.s.web.IndexControllerTest          : Starting IndexControllerTest on DESKTOP-JE542MD with PID 25584 (started by U in C:\Users\U\IdeaProjects\com.kuang.springboot)
2020-05-11 14:41:07.952  INFO 25584 --- [    Test worker] c.k.p.s.web.IndexControllerTest          : No active profile set, falling back to default profiles: default
2020-05-11 14:41:08.918  INFO 25584 --- [    Test worker] .s.d.r.c.RepositoryConfigurationDelegate : Bootstrapping Spring Data repositories in DEFAULT mode.
2020-05-11 14:41:09.020  INFO 25584 --- [    Test worker] .s.d.r.c.RepositoryConfigurationDelegate : Finished Spring Data repository scanning in 93ms. Found 2 repository interfaces.
2020-05-11 14:41:09.631  INFO 25584 --- [    Test worker] trationDelegate$BeanPostProcessorChecker : Bean 'org.springframework.transaction.annotation.ProxyTransactionManagementConfiguration' of type [org.springframework.transaction.annotation.ProxyTransactionManagementConfiguration$$EnhancerBySpringCGLIB$$bbe4d86c] is not eligible for getting processed by all BeanPostProcessors (for example: not eligible for auto-proxying)
2020-05-11 14:41:10.092  INFO 25584 --- [    Test worker] o.s.b.w.embedded.tomcat.TomcatWebServer  : Tomcat initialized with port(s): 0 (http)
2020-05-11 14:41:10.124  INFO 25584 --- [    Test worker] o.apache.catalina.core.StandardService   : Starting service [Tomcat]
2020-05-11 14:41:10.124  INFO 25584 --- [    Test worker] org.apache.catalina.core.StandardEngine  : Starting Servlet engine: [Apache Tomcat/9.0.22]
2020-05-11 14:41:10.307  INFO 25584 --- [    Test worker] o.a.c.c.C.[Tomcat].[localhost].[/]       : Initializing Spring embedded WebApplicationContext
2020-05-11 14:41:10.307  INFO 25584 --- [    Test worker] o.s.web.context.ContextLoader            : Root WebApplicationContext: initialization completed in 2321 ms
2020-05-11 14:41:10.635  INFO 25584 --- [    Test worker] com.zaxxer.hikari.HikariDataSource       : HikariPool-1 - Starting...
2020-05-11 14:41:10.850  INFO 25584 --- [    Test worker] com.zaxxer.hikari.HikariDataSource       : HikariPool-1 - Start completed.
2020-05-11 14:41:10.980  INFO 25584 --- [    Test worker] o.hibernate.jpa.internal.util.LogHelper  : HHH000204: Processing PersistenceUnitInfo [
	name: default
	...]
2020-05-11 14:41:11.084  INFO 25584 --- [    Test worker] org.hibernate.Version                    : HHH000412: Hibernate Core {5.3.10.Final}
2020-05-11 14:41:11.088  INFO 25584 --- [    Test worker] org.hibernate.cfg.Environment            : HHH000206: hibernate.properties not found
2020-05-11 14:41:11.334  INFO 25584 --- [    Test worker] o.hibernate.annotations.common.Version   : HCANN000001: Hibernate Commons Annotations {5.0.4.Final}
2020-05-11 14:41:11.571  INFO 25584 --- [    Test worker] org.hibernate.dialect.Dialect            : HHH000400: Using dialect: org.hibernate.dialect.MySQL5InnoDBDialect
Hibernate: drop table if exists posts
Hibernate: drop table if exists user
Hibernate: create table posts (id bigint not null auto_increment, created_date datetime, modified_date datetime, author varchar(255), content Text not null, title varchar(500) not null, primary key (id)) engine=InnoDB
Hibernate: create table user (id bigint not null auto_increment, created_date datetime, modified_date datetime, email varchar(255) not null, name varchar(255) not null, picture varchar(255), role varchar(255) not null, primary key (id)) engine=InnoDB
2020-05-11 14:41:12.446  INFO 25584 --- [    Test worker] o.h.t.schema.internal.SchemaCreatorImpl  : HHH000476: Executing import script 'org.hibernate.tool.schema.internal.exec.ScriptSourceInputNonExistentImpl@36e3a413'
2020-05-11 14:41:12.450  INFO 25584 --- [    Test worker] j.LocalContainerEntityManagerFactoryBean : Initialized JPA EntityManagerFactory for persistence unit 'default'
2020-05-11 14:41:13.458  INFO 25584 --- [    Test worker] o.h.h.i.QueryTranslatorFactoryInitiator  : HHH000397: Using ASTQueryTranslatorFactory
2020-05-11 14:41:13.980  INFO 25584 --- [    Test worker] o.s.s.web.DefaultSecurityFilterChain     : Creating filter chain: any request, [org.springframework.security.web.context.request.async.WebAsyncManagerIntegrationFilter@59c9f3c2, org.springframework.security.web.context.SecurityContextPersistenceFilter@4d97b22c, org.springframework.security.web.header.HeaderWriterFilter@5d536631, org.springframework.security.web.authentication.logout.LogoutFilter@6c0bbac1, org.springframework.security.oauth2.client.web.OAuth2AuthorizationRequestRedirectFilter@6a82e410, org.springframework.security.oauth2.client.web.OAuth2LoginAuthenticationFilter@4b505f1, org.springframework.security.web.authentication.ui.DefaultLoginPageGeneratingFilter@6cdeb04, org.springframework.security.web.authentication.ui.DefaultLogoutPageGeneratingFilter@3f705e2b, org.springframework.security.web.savedrequest.RequestCacheAwareFilter@c1e5433, org.springframework.security.web.servletapi.SecurityContextHolderAwareRequestFilter@24bbce8c, org.springframework.security.web.authentication.AnonymousAuthenticationFilter@6c567025, org.springframework.security.web.session.SessionManagementFilter@1e8a209d, org.springframework.security.web.access.ExceptionTranslationFilter@4cdb89f9, org.springframework.security.web.access.intercept.FilterSecurityInterceptor@68da8161]
2020-05-11 14:41:14.415  INFO 25584 --- [    Test worker] o.s.s.concurrent.ThreadPoolTaskExecutor  : Initializing ExecutorService 'applicationTaskExecutor'
2020-05-11 14:41:14.485  WARN 25584 --- [    Test worker] aWebConfiguration$JpaWebMvcConfiguration : spring.jpa.open-in-view is enabled by default. Therefore, database queries may be performed during view rendering. Explicitly configure spring.jpa.open-in-view to disable this warning
2020-05-11 14:41:14.555  INFO 25584 --- [    Test worker] o.s.b.a.w.s.WelcomePageHandlerMapping    : Adding welcome page template: index
2020-05-11 14:41:15.132  INFO 25584 --- [    Test worker] s.a.ScheduledAnnotationBeanPostProcessor : No TaskScheduler/ScheduledExecutorService bean found for scheduled processing
2020-05-11 14:41:15.165  INFO 25584 --- [    Test worker] o.s.b.w.embedded.tomcat.TomcatWebServer  : Tomcat started on port(s): 57333 (http) with context path ''
2020-05-11 14:41:15.168  INFO 25584 --- [    Test worker] c.k.p.s.web.IndexControllerTest          : Started IndexControllerTest in 7.503 seconds (JVM running for 8.689)
2020-05-11 14:41:15.362  INFO 25584 --- [o-auto-1-exec-1] o.a.c.c.C.[Tomcat].[localhost].[/]       : Initializing Spring DispatcherServlet 'dispatcherServlet'
2020-05-11 14:41:15.362  INFO 25584 --- [o-auto-1-exec-1] o.s.web.servlet.DispatcherServlet        : Initializing Servlet 'dispatcherServlet'
2020-05-11 14:41:15.389  INFO 25584 --- [o-auto-1-exec-1] o.s.web.servlet.DispatcherServlet        : Completed initialization in 27 ms
Hibernate: select posts0_.id as id1_0_, posts0_.created_date as created_2_0_, posts0_.modified_date as modified3_0_, posts0_.author as author4_0_, posts0_.content as content5_0_, posts0_.title as title6_0_ from posts posts0_ order by posts0_.id DESC
]]></system-out>
  <system-err><![CDATA[]]></system-err>
</testsuite>
