<?xml version="1.0" encoding="UTF-8"?>
<testsuite name="com.kuang.portfolio.springboot.web.IndexControllerTest" tests="1" skipped="0" failures="0" errors="0" timestamp="2020-05-10T15:50:26" hostname="DESKTOP-JE542MD" time="0.304">
  <properties/>
  <testcase name="mainPage_Loading" classname="com.kuang.portfolio.springboot.web.IndexControllerTest" time="0.304"/>
  <system-out><![CDATA[2020-05-11 00:50:23.067  INFO 24136 --- [    Test worker] .b.t.c.SpringBootTestContextBootstrapper : Neither @ContextConfiguration nor @ContextHierarchy found for test class [com.kuang.portfolio.springboot.web.IndexControllerTest], using SpringBootContextLoader
2020-05-11 00:50:23.068  INFO 24136 --- [    Test worker] o.s.t.c.support.AbstractContextLoader    : Could not detect default resource locations for test class [com.kuang.portfolio.springboot.web.IndexControllerTest]: no resource found for suffixes {-context.xml, Context.groovy}.
2020-05-11 00:50:23.069  INFO 24136 --- [    Test worker] t.c.s.AnnotationConfigContextLoaderUtils : Could not detect default configuration classes for test class [com.kuang.portfolio.springboot.web.IndexControllerTest]: IndexControllerTest does not declare any static, non-private, non-final, nested classes annotated with @Configuration.
2020-05-11 00:50:23.070  INFO 24136 --- [    Test worker] .b.t.c.SpringBootTestContextBootstrapper : Found @SpringBootConfiguration com.kuang.portfolio.springboot.Application for test class com.kuang.portfolio.springboot.web.IndexControllerTest
2020-05-11 00:50:23.072  INFO 24136 --- [    Test worker] .b.t.c.SpringBootTestContextBootstrapper : Loaded default TestExecutionListener class names from location [META-INF/spring.factories]: [org.springframework.security.test.context.support.WithSecurityContextTestExecutionListener, org.springframework.security.test.context.support.ReactorContextTestExecutionListener, org.springframework.boot.test.autoconfigure.restdocs.RestDocsTestExecutionListener, org.springframework.boot.test.autoconfigure.web.client.MockRestServiceServerResetTestExecutionListener, org.springframework.boot.test.autoconfigure.web.servlet.MockMvcPrintOnlyOnFailureTestExecutionListener, org.springframework.boot.test.autoconfigure.web.servlet.WebDriverTestExecutionListener, org.springframework.boot.test.mock.mockito.MockitoTestExecutionListener, org.springframework.boot.test.mock.mockito.ResetMocksTestExecutionListener, org.springframework.test.context.web.ServletTestExecutionListener, org.springframework.test.context.support.DirtiesContextBeforeModesTestExecutionListener, org.springframework.test.context.support.DependencyInjectionTestExecutionListener, org.springframework.test.context.support.DirtiesContextTestExecutionListener, org.springframework.test.context.transaction.TransactionalTestExecutionListener, org.springframework.test.context.jdbc.SqlScriptsTestExecutionListener]
2020-05-11 00:50:23.072  INFO 24136 --- [    Test worker] .b.t.c.SpringBootTestContextBootstrapper : Using TestExecutionListeners: [org.springframework.test.context.web.ServletTestExecutionListener@16c1e92, org.springframework.test.context.support.DirtiesContextBeforeModesTestExecutionListener@16c9c7b6, org.springframework.boot.test.mock.mockito.MockitoTestExecutionListener@45881385, org.springframework.boot.test.autoconfigure.SpringBootDependencyInjectionTestExecutionListener@2feaeb90, org.springframework.test.context.support.DirtiesContextTestExecutionListener@4e93f871, org.springframework.test.context.transaction.TransactionalTestExecutionListener@163f6262, org.springframework.test.context.jdbc.SqlScriptsTestExecutionListener@132e5f1b, org.springframework.security.test.context.support.WithSecurityContextTestExecutionListener@6be09085, org.springframework.security.test.context.support.ReactorContextTestExecutionListener@3ae1adf8, org.springframework.boot.test.autoconfigure.restdocs.RestDocsTestExecutionListener@57a0e4b4, org.springframework.boot.test.autoconfigure.web.client.MockRestServiceServerResetTestExecutionListener@3697afdc, org.springframework.boot.test.autoconfigure.web.servlet.MockMvcPrintOnlyOnFailureTestExecutionListener@591c7533, org.springframework.boot.test.autoconfigure.web.servlet.WebDriverTestExecutionListener@6e258d85, org.springframework.boot.test.mock.mockito.ResetMocksTestExecutionListener@3e7041b1]

  .   ____          _            __ _ _
 /\\ / ___'_ __ _ _(_)_ __  __ _ \ \ \ \
( ( )\___ | '_ | '_| | '_ \/ _` | \ \ \ \
 \\/  ___)| |_)| | | | | || (_| |  ) ) ) )
  '  |____| .__|_| |_|_| |_\__, | / / / /
 =========|_|==============|___/=/_/_/_/
 :: Spring Boot ::        (v2.1.7.RELEASE)

2020-05-11 00:50:23.111  INFO 24136 --- [    Test worker] c.k.p.s.web.IndexControllerTest          : Starting IndexControllerTest on DESKTOP-JE542MD with PID 24136 (started by U in C:\Users\U\IdeaProjects\com.kuang.springboot)
2020-05-11 00:50:23.112  INFO 24136 --- [    Test worker] c.k.p.s.web.IndexControllerTest          : No active profile set, falling back to default profiles: default
2020-05-11 00:50:23.531  INFO 24136 --- [    Test worker] .s.d.r.c.RepositoryConfigurationDelegate : Bootstrapping Spring Data repositories in DEFAULT mode.
2020-05-11 00:50:23.579  INFO 24136 --- [    Test worker] .s.d.r.c.RepositoryConfigurationDelegate : Finished Spring Data repository scanning in 48ms. Found 2 repository interfaces.
2020-05-11 00:50:23.741  INFO 24136 --- [    Test worker] trationDelegate$BeanPostProcessorChecker : Bean 'org.springframework.transaction.annotation.ProxyTransactionManagementConfiguration' of type [org.springframework.transaction.annotation.ProxyTransactionManagementConfiguration$$EnhancerBySpringCGLIB$$3ae59288] is not eligible for getting processed by all BeanPostProcessors (for example: not eligible for auto-proxying)
2020-05-11 00:50:24.184  INFO 24136 --- [    Test worker] o.s.b.w.embedded.tomcat.TomcatWebServer  : Tomcat initialized with port(s): 0 (http)
2020-05-11 00:50:24.245  INFO 24136 --- [    Test worker] o.apache.catalina.core.StandardService   : Starting service [Tomcat]
2020-05-11 00:50:24.246  INFO 24136 --- [    Test worker] org.apache.catalina.core.StandardEngine  : Starting Servlet engine: [Apache Tomcat/9.0.22]
2020-05-11 00:50:24.523  INFO 24136 --- [    Test worker] o.a.c.c.C.[Tomcat].[localhost].[/]       : Initializing Spring embedded WebApplicationContext
2020-05-11 00:50:24.523  INFO 24136 --- [    Test worker] o.s.web.context.ContextLoader            : Root WebApplicationContext: initialization completed in 1408 ms
2020-05-11 00:50:24.758  INFO 24136 --- [    Test worker] com.zaxxer.hikari.HikariDataSource       : HikariPool-2 - Starting...
2020-05-11 00:50:24.760  INFO 24136 --- [    Test worker] com.zaxxer.hikari.HikariDataSource       : HikariPool-2 - Start completed.
2020-05-11 00:50:24.815  INFO 24136 --- [    Test worker] o.hibernate.jpa.internal.util.LogHelper  : HHH000204: Processing PersistenceUnitInfo [
	name: default
	...]
2020-05-11 00:50:24.835  INFO 24136 --- [    Test worker] org.hibernate.dialect.Dialect            : HHH000400: Using dialect: org.hibernate.dialect.MySQL5InnoDBDialect
Hibernate: drop table if exists posts
Hibernate: drop table if exists user
Hibernate: create table posts (id bigint not null auto_increment, created_date datetime, modified_date datetime, author varchar(255), content Text not null, title varchar(500) not null, primary key (id)) engine=InnoDB
Hibernate: create table user (id bigint not null auto_increment, created_date datetime, modified_date datetime, email varchar(255) not null, name varchar(255) not null, picture varchar(255), role varchar(255) not null, primary key (id)) engine=InnoDB
2020-05-11 00:50:24.931  INFO 24136 --- [    Test worker] o.h.t.schema.internal.SchemaCreatorImpl  : HHH000476: Executing import script 'org.hibernate.tool.schema.internal.exec.ScriptSourceInputNonExistentImpl@2bcdb097'
2020-05-11 00:50:24.932  INFO 24136 --- [    Test worker] j.LocalContainerEntityManagerFactoryBean : Initialized JPA EntityManagerFactory for persistence unit 'default'
2020-05-11 00:50:25.380  INFO 24136 --- [    Test worker] o.h.h.i.QueryTranslatorFactoryInitiator  : HHH000397: Using ASTQueryTranslatorFactory
2020-05-11 00:50:25.605  INFO 24136 --- [    Test worker] o.s.s.web.DefaultSecurityFilterChain     : Creating filter chain: any request, [org.springframework.security.web.context.request.async.WebAsyncManagerIntegrationFilter@61f343af, org.springframework.security.web.context.SecurityContextPersistenceFilter@676372d3, org.springframework.security.web.header.HeaderWriterFilter@180bcb5b, org.springframework.security.web.authentication.logout.LogoutFilter@1f325c58, org.springframework.security.oauth2.client.web.OAuth2AuthorizationRequestRedirectFilter@255ba293, org.springframework.security.oauth2.client.web.OAuth2LoginAuthenticationFilter@47925c25, org.springframework.security.web.authentication.ui.DefaultLoginPageGeneratingFilter@63bb4f16, org.springframework.security.web.authentication.ui.DefaultLogoutPageGeneratingFilter@6a21293e, org.springframework.security.web.savedrequest.RequestCacheAwareFilter@3381b28, org.springframework.security.web.servletapi.SecurityContextHolderAwareRequestFilter@45af4907, org.springframework.security.web.authentication.AnonymousAuthenticationFilter@121641d3, org.springframework.security.web.session.SessionManagementFilter@11d6fc98, org.springframework.security.web.access.ExceptionTranslationFilter@2929b2cd, org.springframework.security.web.access.intercept.FilterSecurityInterceptor@26a5bf90]
2020-05-11 00:50:25.859  INFO 24136 --- [    Test worker] o.s.s.concurrent.ThreadPoolTaskExecutor  : Initializing ExecutorService 'applicationTaskExecutor'
2020-05-11 00:50:25.876  WARN 24136 --- [    Test worker] aWebConfiguration$JpaWebMvcConfiguration : spring.jpa.open-in-view is enabled by default. Therefore, database queries may be performed during view rendering. Explicitly configure spring.jpa.open-in-view to disable this warning
2020-05-11 00:50:25.912  INFO 24136 --- [    Test worker] o.s.b.a.w.s.WelcomePageHandlerMapping    : Adding welcome page template: index
2020-05-11 00:50:26.277  INFO 24136 --- [    Test worker] s.a.ScheduledAnnotationBeanPostProcessor : No TaskScheduler/ScheduledExecutorService bean found for scheduled processing
2020-05-11 00:50:26.297  INFO 24136 --- [    Test worker] o.s.b.w.embedded.tomcat.TomcatWebServer  : Tomcat started on port(s): 57144 (http) with context path ''
2020-05-11 00:50:26.298  INFO 24136 --- [    Test worker] c.k.p.s.web.IndexControllerTest          : Started IndexControllerTest in 3.224 seconds (JVM running for 14.718)
2020-05-11 00:50:26.443  INFO 24136 --- [o-auto-1-exec-2] o.a.c.c.C.[Tomcat].[localhost].[/]       : Initializing Spring DispatcherServlet 'dispatcherServlet'
2020-05-11 00:50:26.443  INFO 24136 --- [o-auto-1-exec-2] o.s.web.servlet.DispatcherServlet        : Initializing Servlet 'dispatcherServlet'
2020-05-11 00:50:26.480  INFO 24136 --- [o-auto-1-exec-2] o.s.web.servlet.DispatcherServlet        : Completed initialization in 37 ms
Hibernate: select posts0_.id as id1_0_, posts0_.created_date as created_2_0_, posts0_.modified_date as modified3_0_, posts0_.author as author4_0_, posts0_.content as content5_0_, posts0_.title as title6_0_ from posts posts0_ order by posts0_.id DESC
]]></system-out>
  <system-err><![CDATA[]]></system-err>
</testsuite>
