<?xml version="1.0" encoding="UTF-8"?>
<testsuite name="com.kuang.portfolio.springboot.web.IndexControllerTest" tests="1" skipped="0" failures="0" errors="0" timestamp="2020-05-11T17:26:51" hostname="DESKTOP-JE542MD" time="0.207">
  <properties/>
  <testcase name="mainPage_Loading" classname="com.kuang.portfolio.springboot.web.IndexControllerTest" time="0.207"/>
  <system-out><![CDATA[2020-05-12 02:26:49.067  INFO 10072 --- [    Test worker] .b.t.c.SpringBootTestContextBootstrapper : Neither @ContextConfiguration nor @ContextHierarchy found for test class [com.kuang.portfolio.springboot.web.IndexControllerTest], using SpringBootContextLoader
2020-05-12 02:26:49.069  INFO 10072 --- [    Test worker] o.s.t.c.support.AbstractContextLoader    : Could not detect default resource locations for test class [com.kuang.portfolio.springboot.web.IndexControllerTest]: no resource found for suffixes {-context.xml, Context.groovy}.
2020-05-12 02:26:49.070  INFO 10072 --- [    Test worker] t.c.s.AnnotationConfigContextLoaderUtils : Could not detect default configuration classes for test class [com.kuang.portfolio.springboot.web.IndexControllerTest]: IndexControllerTest does not declare any static, non-private, non-final, nested classes annotated with @Configuration.
2020-05-12 02:26:49.075  INFO 10072 --- [    Test worker] .b.t.c.SpringBootTestContextBootstrapper : Found @SpringBootConfiguration com.kuang.portfolio.springboot.Application for test class com.kuang.portfolio.springboot.web.IndexControllerTest
2020-05-12 02:26:49.078  INFO 10072 --- [    Test worker] .b.t.c.SpringBootTestContextBootstrapper : Loaded default TestExecutionListener class names from location [META-INF/spring.factories]: [org.springframework.security.test.context.support.WithSecurityContextTestExecutionListener, org.springframework.security.test.context.support.ReactorContextTestExecutionListener, org.springframework.boot.test.autoconfigure.restdocs.RestDocsTestExecutionListener, org.springframework.boot.test.autoconfigure.web.client.MockRestServiceServerResetTestExecutionListener, org.springframework.boot.test.autoconfigure.web.servlet.MockMvcPrintOnlyOnFailureTestExecutionListener, org.springframework.boot.test.autoconfigure.web.servlet.WebDriverTestExecutionListener, org.springframework.boot.test.mock.mockito.MockitoTestExecutionListener, org.springframework.boot.test.mock.mockito.ResetMocksTestExecutionListener, org.springframework.test.context.web.ServletTestExecutionListener, org.springframework.test.context.support.DirtiesContextBeforeModesTestExecutionListener, org.springframework.test.context.support.DependencyInjectionTestExecutionListener, org.springframework.test.context.support.DirtiesContextTestExecutionListener, org.springframework.test.context.transaction.TransactionalTestExecutionListener, org.springframework.test.context.jdbc.SqlScriptsTestExecutionListener]
2020-05-12 02:26:49.081  INFO 10072 --- [    Test worker] .b.t.c.SpringBootTestContextBootstrapper : Using TestExecutionListeners: [org.springframework.test.context.web.ServletTestExecutionListener@46a0daa7, org.springframework.test.context.support.DirtiesContextBeforeModesTestExecutionListener@4523b458, org.springframework.boot.test.mock.mockito.MockitoTestExecutionListener@5ccba479, org.springframework.boot.test.autoconfigure.SpringBootDependencyInjectionTestExecutionListener@66bbe72d, org.springframework.test.context.support.DirtiesContextTestExecutionListener@268e7cbf, org.springframework.test.context.transaction.TransactionalTestExecutionListener@7e578d42, org.springframework.test.context.jdbc.SqlScriptsTestExecutionListener@7f3e069d, org.springframework.security.test.context.support.WithSecurityContextTestExecutionListener@460514d8, org.springframework.security.test.context.support.ReactorContextTestExecutionListener@133bf323, org.springframework.boot.test.autoconfigure.restdocs.RestDocsTestExecutionListener@51c4519b, org.springframework.boot.test.autoconfigure.web.client.MockRestServiceServerResetTestExecutionListener@5ec1afd0, org.springframework.boot.test.autoconfigure.web.servlet.MockMvcPrintOnlyOnFailureTestExecutionListener@300cc304, org.springframework.boot.test.autoconfigure.web.servlet.WebDriverTestExecutionListener@7c629ccd, org.springframework.boot.test.mock.mockito.ResetMocksTestExecutionListener@fd95253]

  .   ____          _            __ _ _
 /\\ / ___'_ __ _ _(_)_ __  __ _ \ \ \ \
( ( )\___ | '_ | '_| | '_ \/ _` | \ \ \ \
 \\/  ___)| |_)| | | | | || (_| |  ) ) ) )
  '  |____| .__|_| |_|_| |_\__, | / / / /
 =========|_|==============|___/=/_/_/_/
 :: Spring Boot ::        (v2.1.7.RELEASE)

2020-05-12 02:26:49.150  INFO 10072 --- [    Test worker] c.k.p.s.web.IndexControllerTest          : Starting IndexControllerTest on DESKTOP-JE542MD with PID 10072 (started by U in C:\Users\U\IdeaProjects\com.kuang.springboot)
2020-05-12 02:26:49.151  INFO 10072 --- [    Test worker] c.k.p.s.web.IndexControllerTest          : No active profile set, falling back to default profiles: default
2020-05-12 02:26:49.481  INFO 10072 --- [    Test worker] .s.d.r.c.RepositoryConfigurationDelegate : Bootstrapping Spring Data repositories in DEFAULT mode.
2020-05-12 02:26:49.528  INFO 10072 --- [    Test worker] .s.d.r.c.RepositoryConfigurationDelegate : Finished Spring Data repository scanning in 46ms. Found 2 repository interfaces.
2020-05-12 02:26:49.656  INFO 10072 --- [    Test worker] trationDelegate$BeanPostProcessorChecker : Bean 'org.springframework.transaction.annotation.ProxyTransactionManagementConfiguration' of type [org.springframework.transaction.annotation.ProxyTransactionManagementConfiguration$$EnhancerBySpringCGLIB$$73309b0c] is not eligible for getting processed by all BeanPostProcessors (for example: not eligible for auto-proxying)
2020-05-12 02:26:49.949  INFO 10072 --- [    Test worker] o.s.b.w.embedded.tomcat.TomcatWebServer  : Tomcat initialized with port(s): 0 (http)
2020-05-12 02:26:49.986  INFO 10072 --- [    Test worker] o.apache.catalina.core.StandardService   : Starting service [Tomcat]
2020-05-12 02:26:49.986  INFO 10072 --- [    Test worker] org.apache.catalina.core.StandardEngine  : Starting Servlet engine: [Apache Tomcat/9.0.22]
2020-05-12 02:26:50.199  INFO 10072 --- [    Test worker] o.a.c.c.C.[Tomcat].[localhost].[/]       : Initializing Spring embedded WebApplicationContext
2020-05-12 02:26:50.200  INFO 10072 --- [    Test worker] o.s.web.context.ContextLoader            : Root WebApplicationContext: initialization completed in 1044 ms
2020-05-12 02:26:50.423  INFO 10072 --- [    Test worker] com.zaxxer.hikari.HikariDataSource       : HikariPool-2 - Starting...
2020-05-12 02:26:50.424  INFO 10072 --- [    Test worker] com.zaxxer.hikari.HikariDataSource       : HikariPool-2 - Start completed.
2020-05-12 02:26:50.474  INFO 10072 --- [    Test worker] o.hibernate.jpa.internal.util.LogHelper  : HHH000204: Processing PersistenceUnitInfo [
	name: default
	...]
2020-05-12 02:26:50.489  INFO 10072 --- [    Test worker] org.hibernate.dialect.Dialect            : HHH000400: Using dialect: org.hibernate.dialect.MySQL5InnoDBDialect
Hibernate: drop table if exists posts
Hibernate: drop table if exists user
Hibernate: create table posts (id bigint not null auto_increment, created_date datetime, modified_date datetime, author varchar(255), content Text not null, title varchar(500) not null, primary key (id)) engine=InnoDB
Hibernate: create table user (id bigint not null auto_increment, created_date datetime, modified_date datetime, email varchar(255) not null, name varchar(255) not null, picture varchar(255), role varchar(255) not null, primary key (id)) engine=InnoDB
2020-05-12 02:26:50.556  INFO 10072 --- [    Test worker] o.h.t.schema.internal.SchemaCreatorImpl  : HHH000476: Executing import script 'org.hibernate.tool.schema.internal.exec.ScriptSourceInputNonExistentImpl@4dea0e19'
2020-05-12 02:26:50.556  INFO 10072 --- [    Test worker] j.LocalContainerEntityManagerFactoryBean : Initialized JPA EntityManagerFactory for persistence unit 'default'
2020-05-12 02:26:50.988  INFO 10072 --- [    Test worker] o.h.h.i.QueryTranslatorFactoryInitiator  : HHH000397: Using ASTQueryTranslatorFactory
2020-05-12 02:26:51.198  INFO 10072 --- [    Test worker] o.s.s.web.DefaultSecurityFilterChain     : Creating filter chain: any request, [org.springframework.security.web.context.request.async.WebAsyncManagerIntegrationFilter@12ef0a01, org.springframework.security.web.context.SecurityContextPersistenceFilter@44591776, org.springframework.security.web.header.HeaderWriterFilter@79920634, org.springframework.security.web.authentication.logout.LogoutFilter@3075d5e2, org.springframework.security.oauth2.client.web.OAuth2AuthorizationRequestRedirectFilter@6cbab55f, org.springframework.security.oauth2.client.web.OAuth2LoginAuthenticationFilter@10c20153, org.springframework.security.web.authentication.ui.DefaultLoginPageGeneratingFilter@3c9b87a0, org.springframework.security.web.authentication.ui.DefaultLogoutPageGeneratingFilter@44a6fad7, org.springframework.security.web.savedrequest.RequestCacheAwareFilter@55a20f3c, org.springframework.security.web.servletapi.SecurityContextHolderAwareRequestFilter@3ce8001a, org.springframework.security.web.authentication.AnonymousAuthenticationFilter@7d8fbf51, org.springframework.security.web.session.SessionManagementFilter@6e6dc3c4, org.springframework.security.web.access.ExceptionTranslationFilter@68ff32ab, org.springframework.security.web.access.intercept.FilterSecurityInterceptor@74744d76]
2020-05-12 02:26:51.488  INFO 10072 --- [    Test worker] o.s.s.concurrent.ThreadPoolTaskExecutor  : Initializing ExecutorService 'applicationTaskExecutor'
2020-05-12 02:26:51.503  WARN 10072 --- [    Test worker] aWebConfiguration$JpaWebMvcConfiguration : spring.jpa.open-in-view is enabled by default. Therefore, database queries may be performed during view rendering. Explicitly configure spring.jpa.open-in-view to disable this warning
2020-05-12 02:26:51.536  INFO 10072 --- [    Test worker] o.s.b.a.w.s.WelcomePageHandlerMapping    : Adding welcome page template: index
2020-05-12 02:26:51.887  INFO 10072 --- [    Test worker] s.a.ScheduledAnnotationBeanPostProcessor : No TaskScheduler/ScheduledExecutorService bean found for scheduled processing
2020-05-12 02:26:51.908  INFO 10072 --- [    Test worker] o.s.b.w.embedded.tomcat.TomcatWebServer  : Tomcat started on port(s): 60765 (http) with context path ''
2020-05-12 02:26:51.908  INFO 10072 --- [    Test worker] c.k.p.s.web.IndexControllerTest          : Started IndexControllerTest in 2.822 seconds (JVM running for 13.649)
2020-05-12 02:26:52.011  INFO 10072 --- [o-auto-1-exec-1] o.a.c.c.C.[Tomcat].[localhost].[/]       : Initializing Spring DispatcherServlet 'dispatcherServlet'
2020-05-12 02:26:52.012  INFO 10072 --- [o-auto-1-exec-1] o.s.web.servlet.DispatcherServlet        : Initializing Servlet 'dispatcherServlet'
2020-05-12 02:26:52.034  INFO 10072 --- [o-auto-1-exec-1] o.s.web.servlet.DispatcherServlet        : Completed initialization in 22 ms
isLoginUserAnnotationtrue
isUserClasstrue
Hibernate: select posts0_.id as id1_0_, posts0_.created_date as created_2_0_, posts0_.modified_date as modified3_0_, posts0_.author as author4_0_, posts0_.content as content5_0_, posts0_.title as title6_0_ from posts posts0_ order by posts0_.id DESC
]]></system-out>
  <system-err><![CDATA[]]></system-err>
</testsuite>
