<?xml version="1.0" encoding="UTF-8"?>
<testsuite name="com.kuang.portfolio.springboot.web.IndexControllerTest" tests="1" skipped="0" failures="0" errors="0" timestamp="2020-05-11T06:55:42" hostname="DESKTOP-JE542MD" time="0.26">
  <properties/>
  <testcase name="mainPage_Loading" classname="com.kuang.portfolio.springboot.web.IndexControllerTest" time="0.26"/>
  <system-out><![CDATA[2020-05-11 15:55:40.079  INFO 8932 --- [    Test worker] .b.t.c.SpringBootTestContextBootstrapper : Neither @ContextConfiguration nor @ContextHierarchy found for test class [com.kuang.portfolio.springboot.web.IndexControllerTest], using SpringBootContextLoader
2020-05-11 15:55:40.081  INFO 8932 --- [    Test worker] o.s.t.c.support.AbstractContextLoader    : Could not detect default resource locations for test class [com.kuang.portfolio.springboot.web.IndexControllerTest]: no resource found for suffixes {-context.xml, Context.groovy}.
2020-05-11 15:55:40.081  INFO 8932 --- [    Test worker] t.c.s.AnnotationConfigContextLoaderUtils : Could not detect default configuration classes for test class [com.kuang.portfolio.springboot.web.IndexControllerTest]: IndexControllerTest does not declare any static, non-private, non-final, nested classes annotated with @Configuration.
2020-05-11 15:55:40.083  INFO 8932 --- [    Test worker] .b.t.c.SpringBootTestContextBootstrapper : Found @SpringBootConfiguration com.kuang.portfolio.springboot.Application for test class com.kuang.portfolio.springboot.web.IndexControllerTest
2020-05-11 15:55:40.085  INFO 8932 --- [    Test worker] .b.t.c.SpringBootTestContextBootstrapper : Loaded default TestExecutionListener class names from location [META-INF/spring.factories]: [org.springframework.security.test.context.support.WithSecurityContextTestExecutionListener, org.springframework.security.test.context.support.ReactorContextTestExecutionListener, org.springframework.boot.test.autoconfigure.restdocs.RestDocsTestExecutionListener, org.springframework.boot.test.autoconfigure.web.client.MockRestServiceServerResetTestExecutionListener, org.springframework.boot.test.autoconfigure.web.servlet.MockMvcPrintOnlyOnFailureTestExecutionListener, org.springframework.boot.test.autoconfigure.web.servlet.WebDriverTestExecutionListener, org.springframework.boot.test.mock.mockito.MockitoTestExecutionListener, org.springframework.boot.test.mock.mockito.ResetMocksTestExecutionListener, org.springframework.test.context.web.ServletTestExecutionListener, org.springframework.test.context.support.DirtiesContextBeforeModesTestExecutionListener, org.springframework.test.context.support.DependencyInjectionTestExecutionListener, org.springframework.test.context.support.DirtiesContextTestExecutionListener, org.springframework.test.context.transaction.TransactionalTestExecutionListener, org.springframework.test.context.jdbc.SqlScriptsTestExecutionListener]
2020-05-11 15:55:40.086  INFO 8932 --- [    Test worker] .b.t.c.SpringBootTestContextBootstrapper : Using TestExecutionListeners: [org.springframework.test.context.web.ServletTestExecutionListener@57a0e4b4, org.springframework.test.context.support.DirtiesContextBeforeModesTestExecutionListener@3697afdc, org.springframework.boot.test.mock.mockito.MockitoTestExecutionListener@591c7533, org.springframework.boot.test.autoconfigure.SpringBootDependencyInjectionTestExecutionListener@6e258d85, org.springframework.test.context.support.DirtiesContextTestExecutionListener@3e7041b1, org.springframework.test.context.transaction.TransactionalTestExecutionListener@3512f0ec, org.springframework.test.context.jdbc.SqlScriptsTestExecutionListener@f9dae90, org.springframework.security.test.context.support.WithSecurityContextTestExecutionListener@4d964343, org.springframework.security.test.context.support.ReactorContextTestExecutionListener@71d7fe89, org.springframework.boot.test.autoconfigure.restdocs.RestDocsTestExecutionListener@53e0f5cf, org.springframework.boot.test.autoconfigure.web.client.MockRestServiceServerResetTestExecutionListener@31eb280d, org.springframework.boot.test.autoconfigure.web.servlet.MockMvcPrintOnlyOnFailureTestExecutionListener@4e98f928, org.springframework.boot.test.autoconfigure.web.servlet.WebDriverTestExecutionListener@7575c4, org.springframework.boot.test.mock.mockito.ResetMocksTestExecutionListener@54efb688]

  .   ____          _            __ _ _
 /\\ / ___'_ __ _ _(_)_ __  __ _ \ \ \ \
( ( )\___ | '_ | '_| | '_ \/ _` | \ \ \ \
 \\/  ___)| |_)| | | | | || (_| |  ) ) ) )
  '  |____| .__|_| |_|_| |_\__, | / / / /
 =========|_|==============|___/=/_/_/_/
 :: Spring Boot ::        (v2.1.7.RELEASE)

2020-05-11 15:55:40.128  INFO 8932 --- [    Test worker] c.k.p.s.web.IndexControllerTest          : Starting IndexControllerTest on DESKTOP-JE542MD with PID 8932 (started by U in C:\Users\U\IdeaProjects\com.kuang.springboot)
2020-05-11 15:55:40.128  INFO 8932 --- [    Test worker] c.k.p.s.web.IndexControllerTest          : No active profile set, falling back to default profiles: default
2020-05-11 15:55:40.375  INFO 8932 --- [    Test worker] .s.d.r.c.RepositoryConfigurationDelegate : Bootstrapping Spring Data repositories in DEFAULT mode.
2020-05-11 15:55:40.409  INFO 8932 --- [    Test worker] .s.d.r.c.RepositoryConfigurationDelegate : Finished Spring Data repository scanning in 34ms. Found 2 repository interfaces.
2020-05-11 15:55:40.513  INFO 8932 --- [    Test worker] trationDelegate$BeanPostProcessorChecker : Bean 'org.springframework.transaction.annotation.ProxyTransactionManagementConfiguration' of type [org.springframework.transaction.annotation.ProxyTransactionManagementConfiguration$$EnhancerBySpringCGLIB$$1bf884c7] is not eligible for getting processed by all BeanPostProcessors (for example: not eligible for auto-proxying)
2020-05-11 15:55:40.778  INFO 8932 --- [    Test worker] o.s.b.w.embedded.tomcat.TomcatWebServer  : Tomcat initialized with port(s): 0 (http)
2020-05-11 15:55:40.813  INFO 8932 --- [    Test worker] o.apache.catalina.core.StandardService   : Starting service [Tomcat]
2020-05-11 15:55:40.814  INFO 8932 --- [    Test worker] org.apache.catalina.core.StandardEngine  : Starting Servlet engine: [Apache Tomcat/9.0.22]
2020-05-11 15:55:41.005  INFO 8932 --- [    Test worker] o.a.c.c.C.[Tomcat].[localhost].[/]       : Initializing Spring embedded WebApplicationContext
2020-05-11 15:55:41.005  INFO 8932 --- [    Test worker] o.s.web.context.ContextLoader            : Root WebApplicationContext: initialization completed in 873 ms
2020-05-11 15:55:41.187  INFO 8932 --- [    Test worker] com.zaxxer.hikari.HikariDataSource       : HikariPool-2 - Starting...
2020-05-11 15:55:41.188  INFO 8932 --- [    Test worker] com.zaxxer.hikari.HikariDataSource       : HikariPool-2 - Start completed.
2020-05-11 15:55:41.239  INFO 8932 --- [    Test worker] o.hibernate.jpa.internal.util.LogHelper  : HHH000204: Processing PersistenceUnitInfo [
	name: default
	...]
2020-05-11 15:55:41.255  INFO 8932 --- [    Test worker] org.hibernate.dialect.Dialect            : HHH000400: Using dialect: org.hibernate.dialect.MySQL5InnoDBDialect
Hibernate: drop table if exists posts
Hibernate: drop table if exists user
Hibernate: create table posts (id bigint not null auto_increment, created_date datetime, modified_date datetime, author varchar(255), content Text not null, title varchar(500) not null, primary key (id)) engine=InnoDB
Hibernate: create table user (id bigint not null auto_increment, created_date datetime, modified_date datetime, email varchar(255) not null, name varchar(255) not null, picture varchar(255), role varchar(255) not null, primary key (id)) engine=InnoDB
2020-05-11 15:55:41.311  INFO 8932 --- [    Test worker] o.h.t.schema.internal.SchemaCreatorImpl  : HHH000476: Executing import script 'org.hibernate.tool.schema.internal.exec.ScriptSourceInputNonExistentImpl@46a44403'
2020-05-11 15:55:41.311  INFO 8932 --- [    Test worker] j.LocalContainerEntityManagerFactoryBean : Initialized JPA EntityManagerFactory for persistence unit 'default'
2020-05-11 15:55:41.671  INFO 8932 --- [    Test worker] o.h.h.i.QueryTranslatorFactoryInitiator  : HHH000397: Using ASTQueryTranslatorFactory
2020-05-11 15:55:41.874  INFO 8932 --- [    Test worker] o.s.s.web.DefaultSecurityFilterChain     : Creating filter chain: any request, [org.springframework.security.web.context.request.async.WebAsyncManagerIntegrationFilter@79920634, org.springframework.security.web.context.SecurityContextPersistenceFilter@61f343af, org.springframework.security.web.header.HeaderWriterFilter@255ba293, org.springframework.security.web.authentication.logout.LogoutFilter@3ca589a2, org.springframework.security.oauth2.client.web.OAuth2AuthorizationRequestRedirectFilter@16a78738, org.springframework.security.oauth2.client.web.OAuth2LoginAuthenticationFilter@68ff32ab, org.springframework.security.web.authentication.ui.DefaultLoginPageGeneratingFilter@47b054c0, org.springframework.security.web.authentication.ui.DefaultLogoutPageGeneratingFilter@6e6dc3c4, org.springframework.security.web.savedrequest.RequestCacheAwareFilter@6a21293e, org.springframework.security.web.servletapi.SecurityContextHolderAwareRequestFilter@121641d3, org.springframework.security.web.authentication.AnonymousAuthenticationFilter@44591776, org.springframework.security.web.session.SessionManagementFilter@47925c25, org.springframework.security.web.access.ExceptionTranslationFilter@26a5bf90, org.springframework.security.web.access.intercept.FilterSecurityInterceptor@6eff22e0]
2020-05-11 15:55:42.102  INFO 8932 --- [    Test worker] o.s.s.concurrent.ThreadPoolTaskExecutor  : Initializing ExecutorService 'applicationTaskExecutor'
2020-05-11 15:55:42.116  WARN 8932 --- [    Test worker] aWebConfiguration$JpaWebMvcConfiguration : spring.jpa.open-in-view is enabled by default. Therefore, database queries may be performed during view rendering. Explicitly configure spring.jpa.open-in-view to disable this warning
2020-05-11 15:55:42.146  INFO 8932 --- [    Test worker] o.s.b.a.w.s.WelcomePageHandlerMapping    : Adding welcome page template: index
2020-05-11 15:55:42.448  INFO 8932 --- [    Test worker] s.a.ScheduledAnnotationBeanPostProcessor : No TaskScheduler/ScheduledExecutorService bean found for scheduled processing
2020-05-11 15:55:42.477  INFO 8932 --- [    Test worker] o.s.b.w.embedded.tomcat.TomcatWebServer  : Tomcat started on port(s): 64597 (http) with context path ''
2020-05-11 15:55:42.478  INFO 8932 --- [    Test worker] c.k.p.s.web.IndexControllerTest          : Started IndexControllerTest in 2.389 seconds (JVM running for 11.826)
2020-05-11 15:55:42.611  INFO 8932 --- [o-auto-1-exec-1] o.a.c.c.C.[Tomcat].[localhost].[/]       : Initializing Spring DispatcherServlet 'dispatcherServlet'
2020-05-11 15:55:42.611  INFO 8932 --- [o-auto-1-exec-1] o.s.web.servlet.DispatcherServlet        : Initializing Servlet 'dispatcherServlet'
2020-05-11 15:55:42.641  INFO 8932 --- [o-auto-1-exec-1] o.s.web.servlet.DispatcherServlet        : Completed initialization in 30 ms
Hibernate: select posts0_.id as id1_0_, posts0_.created_date as created_2_0_, posts0_.modified_date as modified3_0_, posts0_.author as author4_0_, posts0_.content as content5_0_, posts0_.title as title6_0_ from posts posts0_ order by posts0_.id DESC
]]></system-out>
  <system-err><![CDATA[]]></system-err>
</testsuite>
